BUILD: Computing Include file dependencies:
BUILD: Examining f:\ikeyencrypt directory for files to compile.
oacr invalidate root:x86chk /autocleanqueue
1>Compiling and Linking f:\ikeyencrypt *************
1>'nmake.exe /nologo BUILDMSG=Stop. -i BUILD_PASS=PASS2 LINKONLY=1 NOPASS0=1 MAKEDIR_RELATIVE_TO_BASEDIR='
1>f:\ikeyencrypt: TARGETPATH is SYS
1>BUILDMSG: _NT_TARGET_VERSION SET TO WINXP
1> c:\WinDDK\7600.16385.1\Bin\x86\oacr\oacrcl @f:\ikeyencrypt\objchk_wxp_x86\i386\cl.rsp
1>Microsoft (R) 32-bit C/C++ Optimizing Compiler Version 15.00.30729.207 for 80x86
1>Copyright (C) Microsoft Corporation.  All rights reserved.
1>cl /Fo"f:\ikeyencrypt\objchk_wxp_x86\i386/"
1> /FC
1> /Ii386
1> /I.
1> /Ic:\winddk\7600.16385.1\inc\mfc42
1> /I..\inc
1> /If:\ikeyencrypt\objchk_wxp_x86\i386
1> /Ic:\WinDDK\7600.16385.1\inc\api
1> /Ic:\WinDDK\7600.16385.1\inc\api
1> /Ic:\WinDDK\7600.16385.1\inc\ddk
1> /Ic:\WinDDK\7600.16385.1\inc\ddk
1> /Ic:\WinDDK\7600.16385.1\inc\crt
1> /D_X86_=1
1> /Di386=1
1> /DSTD_CALL
1> /DCONDITION_HANDLING=1
1> /DNT_UP=1
1> /DNT_INST=0
1> /DWIN32=100
1> /D_NT1X_=100
1> /DWINNT=1
1> /D_WIN32_WINNT=0x0501
1> /DWINVER=0x0501
1> /D_WIN32_IE=0x0603
1> /DWIN32_LEAN_AND_MEAN=1
1> /DDEVL=1
1> /DDBG=1
1> /D__BUILDMACHINE__=WinDDK
1> /DFPO=0
1> /D_DLL=1
1> /DNDEBUG
1> /DMSC_NOOPT
1> /DNTDDI_VERSION=0x05010200
1> /c
1> /Zc:wchar_t-
1> /Zl
1> /Zp8
1> /Gy
1> /Gm-
1> -cbstring
1> /W3
1> /Gz
1> /hotpatch
1> /EHs-c-
1> /GR-
1> /GF
1> /GS
1> /Z7
1> /Od
1> /Oi
1> /Oy-
1> /Z7
1> /DKMDF_MAJOR_VERSION_STRING=01
1> /DKMDF_MINOR_VERSION_STRING=009
1> /wd4603
1> /wd4627
1> /typedil-
1> /FIc:\WinDDK\7600.16385.1\inc\api\warning.h
1> .\ikdinit.c .\ikdlistnode.c .\ikdsupport.c .\ikdoperation.c .\sdmd5c.c 
1>ikdinit.c
1>f:\ikeyencrypt\ikdsupport.h(74) : warning C4273: 'ObQueryNameString' : inconsistent dll linkage
1>warnings in directory f:\ikeyencrypt
1>f:\ikeyencrypt\ikdsupport.h(74) : warning C4273: 'ObQueryNameString' : inconsistent dll linkage
1> c:\winddk\7600.16385.1\inc\ddk\ntifs.h(11881) : see previous definition of 'ObQueryNameString'
1>f:\ikeyencrypt\ikdbase.h(82) : warning C4005: 'PAGE_SIZE' : macro redefinition
1>f:\ikeyencrypt\ikdbase.h(82) : warning C4005: 'PAGE_SIZE' : macro redefinition
1> c:\winddk\7600.16385.1\inc\ddk\wdm.h(12152) : see previous definition of 'PAGE_SIZE'
1>f:\ikeyencrypt\ikdinit.c(322) : warning C4133: 'function' : incompatible types - from 'USHORT *' to 'PULONG'
1>f:\ikeyencrypt\ikdinit.c(322) : warning C4133: 'function' : incompatible types - from 'USHORT *' to 'PULONG'
1>f:\ikeyencrypt\ikdinit.c(337) : warning C4133: '=' : incompatible types - from 'PCHAR' to 'PWCH'
1>f:\ikeyencrypt\ikdinit.c(337) : warning C4133: '=' : incompatible types - from 'PCHAR' to 'PWCH'
1>f:\ikeyencrypt\ikdinit.c(355) : warning C4133: 'function' : incompatible types - from 'USHORT *' to 'PULONG'
1>f:\ikeyencrypt\ikdinit.c(355) : warning C4133: 'function' : incompatible types - from 'USHORT *' to 'PULONG'
1>f:\ikeyencrypt\ikdinit.c(521) : warning C4133: 'function' : incompatible types - from 'USHORT *' to 'PULONG'
1>f:\ikeyencrypt\ikdinit.c(521) : warning C4133: 'function' : incompatible types - from 'USHORT *' to 'PULONG'
1>f:\ikeyencrypt\ikdinit.c(537) : warning C4133: '=' : incompatible types - from 'PCHAR' to 'PWCH'
1>f:\ikeyencrypt\ikdinit.c(537) : warning C4133: '=' : incompatible types - from 'PCHAR' to 'PWCH'
1>f:\ikeyencrypt\ikdinit.c(560) : warning C4133: 'function' : incompatible types - from 'USHORT *' to 'PULONG'
1>f:\ikeyencrypt\ikdinit.c(560) : warning C4133: 'function' : incompatible types - from 'USHORT *' to 'PULONG'
1>f:\ikeyencrypt\ikdinit.c(1441) : warning C4133: '=' : incompatible types - from 'PMULTI_VOLUME_LIST_NODE' to 'PSYSTEM_LETTER_LIST_NODE'
1>f:\ikeyencrypt\ikdinit.c(1441) : warning C4133: '=' : incompatible types - from 'PMULTI_VOLUME_LIST_NODE' to 'PSYSTEM_LETTER_LIST_NODE'
1>f:\ikeyencrypt\ikdinit.c(1448) : warning C4133: 'function' : incompatible types - from 'PSYSTEM_LETTER_LIST_NODE' to 'PMULTI_VOLUME_LIST_NODE'
1>f:\ikeyencrypt\ikdinit.c(1448) : warning C4133: 'function' : incompatible types - from 'PSYSTEM_LETTER_LIST_NODE' to 'PMULTI_VOLUME_LIST_NODE'
1>ikdlistnode.c
1>f:\ikeyencrypt\ikdsupport.h(74) : warning C4273: 'ObQueryNameString' : inconsistent dll linkage
1>f:\ikeyencrypt\ikdsupport.h(74) : warning C4273: 'ObQueryNameString' : inconsistent dll linkage
1> c:\winddk\7600.16385.1\inc\ddk\ntifs.h(11881) : see previous definition of 'ObQueryNameString'
1>f:\ikeyencrypt\ikdbase.h(82) : warning C4005: 'PAGE_SIZE' : macro redefinition
1>f:\ikeyencrypt\ikdbase.h(82) : warning C4005: 'PAGE_SIZE' : macro redefinition
1> c:\winddk\7600.16385.1\inc\ddk\wdm.h(12152) : see previous definition of 'PAGE_SIZE'
1>ikdsupport.c
1>f:\ikeyencrypt\ikdsupport.h(74) : warning C4273: 'ObQueryNameString' : inconsistent dll linkage
1>f:\ikeyencrypt\ikdsupport.h(74) : warning C4273: 'ObQueryNameString' : inconsistent dll linkage
1> c:\winddk\7600.16385.1\inc\ddk\ntifs.h(11881) : see previous definition of 'ObQueryNameString'
1>f:\ikeyencrypt\ikdbase.h(82) : warning C4005: 'PAGE_SIZE' : macro redefinition
1>f:\ikeyencrypt\ikdbase.h(82) : warning C4005: 'PAGE_SIZE' : macro redefinition
1> c:\winddk\7600.16385.1\inc\ddk\wdm.h(12152) : see previous definition of 'PAGE_SIZE'
1>c:\winddk\7600.16385.1\inc\crt\stdio.h(268) : warning C4995: 'scanf': name was marked as #pragma deprecated
1>c:\winddk\7600.16385.1\inc\crt\stdio.h(268) : warning C4995: 'scanf': name was marked as #pragma deprecated
1>c:\winddk\7600.16385.1\inc\crt\stdio.h(284) : warning C4995: 'sscanf': name was marked as #pragma deprecated
1>c:\winddk\7600.16385.1\inc\crt\stdio.h(284) : warning C4995: 'sscanf': name was marked as #pragma deprecated
1>c:\winddk\7600.16385.1\inc\crt\stdio.h(290) : warning C4995: '_snscanf': name was marked as #pragma deprecated
1>c:\winddk\7600.16385.1\inc\crt\stdio.h(290) : warning C4995: '_snscanf': name was marked as #pragma deprecated
1>c:\winddk\7600.16385.1\inc\crt\stdio.h(316) : warning C4995: '_snprintf': name was marked as #pragma deprecated
1>c:\winddk\7600.16385.1\inc\crt\stdio.h(316) : warning C4995: '_snprintf': name was marked as #pragma deprecated
1>c:\winddk\7600.16385.1\inc\crt\stdio.h(316) : warning C4995: '_vsnprintf': name was marked as #pragma deprecated
1>c:\winddk\7600.16385.1\inc\crt\stdio.h(316) : warning C4995: '_vsnprintf': name was marked as #pragma deprecated
1>c:\winddk\7600.16385.1\inc\crt\stdio.h(322) : warning C4995: 'sprintf': name was marked as #pragma deprecated
1>c:\winddk\7600.16385.1\inc\crt\stdio.h(322) : warning C4995: 'sprintf': name was marked as #pragma deprecated
1>c:\winddk\7600.16385.1\inc\crt\stdio.h(322) : warning C4995: 'vsprintf': name was marked as #pragma deprecated
1>c:\winddk\7600.16385.1\inc\crt\stdio.h(322) : warning C4995: 'vsprintf': name was marked as #pragma deprecated
1>c:\winddk\7600.16385.1\inc\crt\stdio.h(416) : warning C4995: 'swprintf': name was marked as #pragma deprecated
1>c:\winddk\7600.16385.1\inc\crt\stdio.h(416) : warning C4995: 'swprintf': name was marked as #pragma deprecated
1>c:\winddk\7600.16385.1\inc\crt\stdio.h(417) : warning C4995: 'vswprintf': name was marked as #pragma deprecated
1>c:\winddk\7600.16385.1\inc\crt\stdio.h(417) : warning C4995: 'vswprintf': name was marked as #pragma deprecated
1>c:\winddk\7600.16385.1\inc\crt\stdio.h(428) : warning C4995: '_snwprintf': name was marked as #pragma deprecated
1>c:\winddk\7600.16385.1\inc\crt\stdio.h(428) : warning C4995: '_snwprintf': name was marked as #pragma deprecated
1>c:\winddk\7600.16385.1\inc\crt\stdio.h(428) : warning C4995: '_vsnwprintf': name was marked as #pragma deprecated
1>c:\winddk\7600.16385.1\inc\crt\stdio.h(428) : warning C4995: '_vsnwprintf': name was marked as #pragma deprecated
1>c:\winddk\7600.16385.1\inc\crt\stdio.h(508) : warning C4995: 'swscanf': name was marked as #pragma deprecated
1>c:\winddk\7600.16385.1\inc\crt\stdio.h(508) : warning C4995: 'swscanf': name was marked as #pragma deprecated
1>c:\winddk\7600.16385.1\inc\crt\stdio.h(514) : warning C4995: '_snwscanf': name was marked as #pragma deprecated
1>c:\winddk\7600.16385.1\inc\crt\stdio.h(514) : warning C4995: '_snwscanf': name was marked as #pragma deprecated
1>c:\winddk\7600.16385.1\inc\crt\stdio.h(518) : warning C4995: 'wscanf': name was marked as #pragma deprecated
1>c:\winddk\7600.16385.1\inc\crt\stdio.h(518) : warning C4995: 'wscanf': name was marked as #pragma deprecated
1>f:\ikeyencrypt\ikdsupport.c(40) : warning C4133: '=' : incompatible types - from 'PCHAR' to 'PWCH'
1>f:\ikeyencrypt\ikdsupport.c(40) : warning C4133: '=' : incompatible types - from 'PCHAR' to 'PWCH'
1>f:\ikeyencrypt\ikdsupport.c(45) : warning C4242: '=' : conversion from 'ULONG' to 'USHORT', possible loss of data
1>f:\ikeyencrypt\ikdsupport.c(45) : warning C4242: '=' : conversion from 'ULONG' to 'USHORT', possible loss of data
1>f:\ikeyencrypt\ikdsupport.c(104) : warning C4133: '=' : incompatible types - from 'PFILE_ID_BOTH_DIR_INFORMATION' to 'PFILE_BOTH_DIR_INFORMATION'
1>f:\ikeyencrypt\ikdsupport.c(104) : warning C4133: '=' : incompatible types - from 'PFILE_ID_BOTH_DIR_INFORMATION' to 'PFILE_BOTH_DIR_INFORMATION'
1>f:\ikeyencrypt\ikdsupport.c(257) : warning C4242: 'return' : conversion from 'LONG' to 'USHORT', possible loss of data
1>f:\ikeyencrypt\ikdsupport.c(257) : warning C4242: 'return' : conversion from 'LONG' to 'USHORT', possible loss of data
1>f:\ikeyencrypt\ikdsupport.c(534) : warning C4133: '=' : incompatible types - from 'PCHAR' to 'PWCH'
1>f:\ikeyencrypt\ikdsupport.c(534) : warning C4133: '=' : incompatible types - from 'PCHAR' to 'PWCH'
1>f:\ikeyencrypt\ikdsupport.c(658) : warning C4142: benign redefinition of type
1>f:\ikeyencrypt\ikdsupport.c(658) : warning C4142: benign redefinition of type
1>f:\ikeyencrypt\ikdsupport.c(680) : warning C4242: '=' : conversion from 'DWORD' to 'USHORT', possible loss of data
1>f:\ikeyencrypt\ikdsupport.c(680) : warning C4242: '=' : conversion from 'DWORD' to 'USHORT', possible loss of data
1>f:\ikeyencrypt\ikdsupport.c(1498) : warning C4242: 'function' : conversion from 'LONGLONG' to 'ULONG', possible loss of data
1>f:\ikeyencrypt\ikdsupport.c(1498) : warning C4242: 'function' : conversion from 'LONGLONG' to 'ULONG', possible loss of data
1>f:\ikeyencrypt\ikdsupport.c(2387) : warning C4242: '=' : conversion from 'int' to 'USHORT', possible loss of data
1>f:\ikeyencrypt\ikdsupport.c(2387) : warning C4242: '=' : conversion from 'int' to 'USHORT', possible loss of data
1>f:\ikeyencrypt\ikdsupport.c(2388) : warning C4242: '=' : conversion from 'int' to 'USHORT', possible loss of data
1>f:\ikeyencrypt\ikdsupport.c(2388) : warning C4242: '=' : conversion from 'int' to 'USHORT', possible loss of data
1>f:\ikeyencrypt\ikdsupport.c(4269) : warning C4244: '=' : conversion from 'unsigned long' to 'USHORT', possible loss of data
1>f:\ikeyencrypt\ikdsupport.c(4269) : warning C4244: '=' : conversion from 'unsigned long' to 'USHORT', possible loss of data
1>f:\ikeyencrypt\ikdsupport.c(4552) : warning C4242: 'return' : conversion from 'BOOL' to 'BOOLEAN', possible loss of data
1>f:\ikeyencrypt\ikdsupport.c(4552) : warning C4242: 'return' : conversion from 'BOOL' to 'BOOLEAN', possible loss of data
1>f:\ikeyencrypt\ikdsupport.c(5253) : warning C4242: 'function' : conversion from 'LONGLONG' to 'ULONG', possible loss of data
1>f:\ikeyencrypt\ikdsupport.c(5253) : warning C4242: 'function' : conversion from 'LONGLONG' to 'ULONG', possible loss of data
1>f:\ikeyencrypt\ikdsupport.c(5637) : warning C4244: '=' : conversion from 'unsigned long' to 'USHORT', possible loss of data
1>f:\ikeyencrypt\ikdsupport.c(5637) : warning C4244: '=' : conversion from 'unsigned long' to 'USHORT', possible loss of data
1>f:\ikeyencrypt\ikdsupport.c(5677) : warning C4244: '=' : conversion from 'unsigned long' to 'USHORT', possible loss of data
1>f:\ikeyencrypt\ikdsupport.c(5677) : warning C4244: '=' : conversion from 'unsigned long' to 'USHORT', possible loss of data
1>f:\ikeyencrypt\ikdsupport.c(5733) : warning C4244: '=' : conversion from 'unsigned long' to 'USHORT', possible loss of data
1>f:\ikeyencrypt\ikdsupport.c(5733) : warning C4244: '=' : conversion from 'unsigned long' to 'USHORT', possible loss of data
1>f:\ikeyencrypt\ikdsupport.c(5772) : warning C4244: '=' : conversion from 'unsigned long' to 'USHORT', possible loss of data
1>f:\ikeyencrypt\ikdsupport.c(5772) : warning C4244: '=' : conversion from 'unsigned long' to 'USHORT', possible loss of data
1>f:\ikeyencrypt\ikdsupport.c(5961) : warning C4244: '=' : conversion from 'unsigned long' to 'USHORT', possible loss of data
1>f:\ikeyencrypt\ikdsupport.c(5961) : warning C4244: '=' : conversion from 'unsigned long' to 'USHORT', possible loss of data
1>f:\ikeyencrypt\ikdsupport.c(6001) : warning C4244: '=' : conversion from 'unsigned long' to 'USHORT', possible loss of data
1>f:\ikeyencrypt\ikdsupport.c(6001) : warning C4244: '=' : conversion from 'unsigned long' to 'USHORT', possible loss of data
1>f:\ikeyencrypt\ikdsupport.c(6057) : warning C4244: '=' : conversion from 'unsigned long' to 'USHORT', possible loss of data
1>f:\ikeyencrypt\ikdsupport.c(6057) : warning C4244: '=' : conversion from 'unsigned long' to 'USHORT', possible loss of data
1>f:\ikeyencrypt\ikdsupport.c(6096) : warning C4244: '=' : conversion from 'unsigned long' to 'USHORT', possible loss of data
1>f:\ikeyencrypt\ikdsupport.c(6096) : warning C4244: '=' : conversion from 'unsigned long' to 'USHORT', possible loss of data
1>f:\ikeyencrypt\ikdsupport.c(7229) : warning C4133: '=' : incompatible types - from 'PIKD_STREAM_CONTEXT' to 'PIKD_STREAMHANDLE_CONTEXT'
1>f:\ikeyencrypt\ikdsupport.c(7229) : warning C4133: '=' : incompatible types - from 'PIKD_STREAM_CONTEXT' to 'PIKD_STREAMHANDLE_CONTEXT'
1>f:\ikeyencrypt\ikdsupport.c(7416) : warning C4995: 'sprintf': name was marked as #pragma deprecated
1>f:\ikeyencrypt\ikdsupport.c(7416) : warning C4995: 'sprintf': name was marked as #pragma deprecated
1>f:\ikeyencrypt\ikdsupport.c(7744) : warning C4242: 'function' : conversion from 'LONGLONG' to 'ULONG', possible loss of data
1>f:\ikeyencrypt\ikdsupport.c(7744) : warning C4242: 'function' : conversion from 'LONGLONG' to 'ULONG', possible loss of data
1>f:\ikeyencrypt\ikdsupport.c(8017) : warning C4995: 'sprintf': name was marked as #pragma deprecated
1>f:\ikeyencrypt\ikdsupport.c(8017) : warning C4995: 'sprintf': name was marked as #pragma deprecated
1>ikdoperation.c
1>f:\ikeyencrypt\ikdsupport.h(74) : warning C4273: 'ObQueryNameString' : inconsistent dll linkage
1>f:\ikeyencrypt\ikdsupport.h(74) : warning C4273: 'ObQueryNameString' : inconsistent dll linkage
1> c:\winddk\7600.16385.1\inc\ddk\ntifs.h(11881) : see previous definition of 'ObQueryNameString'
1>f:\ikeyencrypt\ikdbase.h(82) : warning C4005: 'PAGE_SIZE' : macro redefinition
1>f:\ikeyencrypt\ikdbase.h(82) : warning C4005: 'PAGE_SIZE' : macro redefinition
1> c:\winddk\7600.16385.1\inc\ddk\wdm.h(12152) : see previous definition of 'PAGE_SIZE'
1>c:\winddk\7600.16385.1\inc\crt\stdio.h(268) : warning C4995: 'scanf': name was marked as #pragma deprecated
1>c:\winddk\7600.16385.1\inc\crt\stdio.h(268) : warning C4995: 'scanf': name was marked as #pragma deprecated
1>c:\winddk\7600.16385.1\inc\crt\stdio.h(284) : warning C4995: 'sscanf': name was marked as #pragma deprecated
1>c:\winddk\7600.16385.1\inc\crt\stdio.h(284) : warning C4995: 'sscanf': name was marked as #pragma deprecated
1>c:\winddk\7600.16385.1\inc\crt\stdio.h(290) : warning C4995: '_snscanf': name was marked as #pragma deprecated
1>c:\winddk\7600.16385.1\inc\crt\stdio.h(290) : warning C4995: '_snscanf': name was marked as #pragma deprecated
1>c:\winddk\7600.16385.1\inc\crt\stdio.h(316) : warning C4995: '_snprintf': name was marked as #pragma deprecated
1>c:\winddk\7600.16385.1\inc\crt\stdio.h(316) : warning C4995: '_snprintf': name was marked as #pragma deprecated
1>c:\winddk\7600.16385.1\inc\crt\stdio.h(316) : warning C4995: '_vsnprintf': name was marked as #pragma deprecated
1>c:\winddk\7600.16385.1\inc\crt\stdio.h(316) : warning C4995: '_vsnprintf': name was marked as #pragma deprecated
1>c:\winddk\7600.16385.1\inc\crt\stdio.h(322) : warning C4995: 'sprintf': name was marked as #pragma deprecated
1>c:\winddk\7600.16385.1\inc\crt\stdio.h(322) : warning C4995: 'sprintf': name was marked as #pragma deprecated
1>c:\winddk\7600.16385.1\inc\crt\stdio.h(322) : warning C4995: 'vsprintf': name was marked as #pragma deprecated
1>c:\winddk\7600.16385.1\inc\crt\stdio.h(322) : warning C4995: 'vsprintf': name was marked as #pragma deprecated
1>c:\winddk\7600.16385.1\inc\crt\stdio.h(416) : warning C4995: 'swprintf': name was marked as #pragma deprecated
1>c:\winddk\7600.16385.1\inc\crt\stdio.h(416) : warning C4995: 'swprintf': name was marked as #pragma deprecated
1>c:\winddk\7600.16385.1\inc\crt\stdio.h(417) : warning C4995: 'vswprintf': name was marked as #pragma deprecated
1>c:\winddk\7600.16385.1\inc\crt\stdio.h(417) : warning C4995: 'vswprintf': name was marked as #pragma deprecated
1>c:\winddk\7600.16385.1\inc\crt\stdio.h(428) : warning C4995: '_snwprintf': name was marked as #pragma deprecated
1>c:\winddk\7600.16385.1\inc\crt\stdio.h(428) : warning C4995: '_snwprintf': name was marked as #pragma deprecated
1>c:\winddk\7600.16385.1\inc\crt\stdio.h(428) : warning C4995: '_vsnwprintf': name was marked as #pragma deprecated
1>c:\winddk\7600.16385.1\inc\crt\stdio.h(428) : warning C4995: '_vsnwprintf': name was marked as #pragma deprecated
1>c:\winddk\7600.16385.1\inc\crt\stdio.h(508) : warning C4995: 'swscanf': name was marked as #pragma deprecated
1>c:\winddk\7600.16385.1\inc\crt\stdio.h(508) : warning C4995: 'swscanf': name was marked as #pragma deprecated
1>c:\winddk\7600.16385.1\inc\crt\stdio.h(514) : warning C4995: '_snwscanf': name was marked as #pragma deprecated
1>c:\winddk\7600.16385.1\inc\crt\stdio.h(514) : warning C4995: '_snwscanf': name was marked as #pragma deprecated
1>c:\winddk\7600.16385.1\inc\crt\stdio.h(518) : warning C4995: 'wscanf': name was marked as #pragma deprecated
1>c:\winddk\7600.16385.1\inc\crt\stdio.h(518) : warning C4995: 'wscanf': name was marked as #pragma deprecated
1>f:\ikeyencrypt\ikdoperation.c(122) : warning C4090: 'function' : different 'const' qualifiers
1>f:\ikeyencrypt\ikdoperation.c(122) : warning C4090: 'function' : different 'const' qualifiers
1>f:\ikeyencrypt\ikdoperation.c(153) : warning C4995: 'sprintf': name was marked as #pragma deprecated
1>f:\ikeyencrypt\ikdoperation.c(153) : warning C4995: 'sprintf': name was marked as #pragma deprecated
1>f:\ikeyencrypt\ikdoperation.c(177) : warning C4995: 'sprintf': name was marked as #pragma deprecated
1>f:\ikeyencrypt\ikdoperation.c(177) : warning C4995: 'sprintf': name was marked as #pragma deprecated
1>f:\ikeyencrypt\ikdoperation.c(202) : warning C4090: 'function' : different 'const' qualifiers
1>f:\ikeyencrypt\ikdoperation.c(202) : warning C4090: 'function' : different 'const' qualifiers
1>f:\ikeyencrypt\ikdoperation.c(217) : warning C4129: 'R' : unrecognized character escape sequence
1>f:\ikeyencrypt\ikdoperation.c(217) : warning C4129: 'R' : unrecognized character escape sequence
1>f:\ikeyencrypt\ikdoperation.c(217) : warning C4129: 'M' : unrecognized character escape sequence
1>f:\ikeyencrypt\ikdoperation.c(217) : warning C4129: 'M' : unrecognized character escape sequence
1>f:\ikeyencrypt\ikdoperation.c(217) : warning C4129: 'T' : unrecognized character escape sequence
1>f:\ikeyencrypt\ikdoperation.c(217) : warning C4129: 'T' : unrecognized character escape sequence
1>f:\ikeyencrypt\ikdoperation.c(1045) : warning C4047: '=' : 'PFILE_BOTH_DIR_INFORMATION' differs in levels of indirection from 'unsigned long'
1>f:\ikeyencrypt\ikdoperation.c(1045) : warning C4047: '=' : 'PFILE_BOTH_DIR_INFORMATION' differs in levels of indirection from 'unsigned long'
1>f:\ikeyencrypt\ikdoperation.c(1064) : warning C4047: '=' : 'PFILE_DIRECTORY_INFORMATION' differs in levels of indirection from 'unsigned long'
1>f:\ikeyencrypt\ikdoperation.c(1064) : warning C4047: '=' : 'PFILE_DIRECTORY_INFORMATION' differs in levels of indirection from 'unsigned long'
1>f:\ikeyencrypt\ikdoperation.c(1083) : warning C4047: '=' : 'PFILE_FULL_DIR_INFORMATION' differs in levels of indirection from 'unsigned long'
1>f:\ikeyencrypt\ikdoperation.c(1083) : warning C4047: '=' : 'PFILE_FULL_DIR_INFORMATION' differs in levels of indirection from 'unsigned long'
1>f:\ikeyencrypt\ikdoperation.c(1102) : warning C4047: '=' : 'PFILE_ID_BOTH_DIR_INFORMATION' differs in levels of indirection from 'unsigned long'
1>f:\ikeyencrypt\ikdoperation.c(1102) : warning C4047: '=' : 'PFILE_ID_BOTH_DIR_INFORMATION' differs in levels of indirection from 'unsigned long'
1>f:\ikeyencrypt\ikdoperation.c(1121) : warning C4047: '=' : 'PFILE_ID_FULL_DIR_INFORMATION' differs in levels of indirection from 'unsigned long'
1>f:\ikeyencrypt\ikdoperation.c(1121) : warning C4047: '=' : 'PFILE_ID_FULL_DIR_INFORMATION' differs in levels of indirection from 'unsigned long'
1>f:\ikeyencrypt\ikdoperation.c(2786) : warning C4995: 'sprintf': name was marked as #pragma deprecated
1>f:\ikeyencrypt\ikdoperation.c(2786) : warning C4995: 'sprintf': name was marked as #pragma deprecated
1>f:\ikeyencrypt\ikdoperation.c(2915) : warning C4995: 'sprintf': name was marked as #pragma deprecated
1>f:\ikeyencrypt\ikdoperation.c(2915) : warning C4995: 'sprintf': name was marked as #pragma deprecated
1>f:\ikeyencrypt\ikdoperation.c(3039) : warning C4995: 'sprintf': name was marked as #pragma deprecated
1>f:\ikeyencrypt\ikdoperation.c(3039) : warning C4995: 'sprintf': name was marked as #pragma deprecated
1>f:\ikeyencrypt\ikdoperation.c(3718) : warning C4242: '=' : conversion from 'LONGLONG' to 'ULONG', possible loss of data
1>f:\ikeyencrypt\ikdoperation.c(3718) : warning C4242: '=' : conversion from 'LONGLONG' to 'ULONG', possible loss of data
1>f:\ikeyencrypt\ikdoperation.c(3981) : warning C4242: '=' : conversion from 'LONGLONG' to 'ULONG', possible loss of data
1>f:\ikeyencrypt\ikdoperation.c(3981) : warning C4242: '=' : conversion from 'LONGLONG' to 'ULONG', possible loss of data
1>f:\ikeyencrypt\ikdoperation.c(4251) : warning C4242: '=' : conversion from 'LONGLONG' to 'ULONG', possible loss of data
1>f:\ikeyencrypt\ikdoperation.c(4251) : warning C4242: '=' : conversion from 'LONGLONG' to 'ULONG', possible loss of data
1>sdmd5c.c
1>Generating Code...
1>f:\ikeyencrypt\ikdsupport.c(687) : warning C4715: 'GetFileName' : not all control paths return a value
1>f:\ikeyencrypt\ikdsupport.c(687) : warning C4715: 'GetFileName' : not all control paths return a value
1>f:\ikeyencrypt\ikdsupport.c(1669) : warning C4715: 'DeleteFile' : not all control paths return a value
1>f:\ikeyencrypt\ikdsupport.c(1669) : warning C4715: 'DeleteFile' : not all control paths return a value
1>f:\ikeyencrypt\ikdsupport.c(4077) : warning C4716: 'VirtualDiskToPhysicalDisk' : must return a value
1>f:\ikeyencrypt\ikdsupport.c(4077) : warning C4716: 'VirtualDiskToPhysicalDisk' : must return a value
1>f:\ikeyencrypt\ikdlistnode.c(2418) : warning C4716: 'ViewListNode' : must return a value
1>f:\ikeyencrypt\ikdlistnode.c(2418) : warning C4716: 'ViewListNode' : must return a value
1>f:\ikeyencrypt\ikdinit.c(1191) : warning C4715: 'IKeyAddFileNode' : not all control paths return a value
1>f:\ikeyencrypt\ikdinit.c(1191) : warning C4715: 'IKeyAddFileNode' : not all control paths return a value
1> c:\WinDDK\7600.16385.1\Bin\x86\oacr\oacrlink /out:SYS\i386\IKeyEncrypt.sys /machine:ix86 @f:\ikeyencrypt\objchk_wxp_x86\i386\lnk.rsp
1>Microsoft (R) Incremental Linker Version 9.00.30729.207
1>Copyright (C) Microsoft Corporation.  All rights reserved.
1>/MERGE:_PAGE=PAGE 
1>/MERGE:_TEXT=.text 
1>/SECTION:INIT,d 
1>/OPT:REF 
1>/OPT:ICF 
1>/IGNORE:4198,4010,4037,4039,4065,4070,4078,4087,4089,4221 
1>/INCREMENTAL:NO 
1>/release 
1>/NODEFAULTLIB 
1>/WX 
1>/debug 
1>/debugtype:cv,fixup,pdata 
1>/version:6.1 
1>/osversion:6.1 
1>/functionpadmin:5 
1>/safeseh 
1>/pdbcompress 
1>/STACK:0x40000,0x1000 
1>/driver 
1>/base:0x10000 
1>/align:0x80 /stub:c:\winddk\7600.16385.1\lib\wxp\stub512.com 
1>/subsystem:native,5.01 
1>/entry:GsDriverEntry@8 
1>/out:SYS\i386\IKeyEncrypt.sys 
1>f:\ikeyencrypt\objchk_wxp_x86\i386\ikdinit.obj 
1>f:\ikeyencrypt\objchk_wxp_x86\i386\ikdlistnode.obj 
1>f:\ikeyencrypt\objchk_wxp_x86\i386\ikdsupport.obj 
1>f:\ikeyencrypt\objchk_wxp_x86\i386\ikdoperation.obj 
1>f:\ikeyencrypt\objchk_wxp_x86\i386\sdmd5c.obj 
1>c:\winddk\7600.16385.1\lib\wxp\i386\BufferOverflowK.lib 
1>c:\winddk\7600.16385.1\lib\wxp\i386\ntoskrnl.lib 
1>c:\winddk\7600.16385.1\lib\wxp\i386\hal.lib 
1>c:\winddk\7600.16385.1\lib\wxp\i386\wmilib.lib 
1>c:\winddk\7600.16385.1\lib\wxp\i386\fltMgr.lib 
1>c:\winddk\7600.16385.1\lib\wxp\i386\ntstrsafe.lib 
1>c:\winddk\7600.16385.1\lib\wxp\i386\sehupd.lib 
